CRITICAL - 2022-06-15 09:13:48 --> The framework needs the following extension(s) installed and loaded: intl.
in SYSTEMPATH\CodeIgniter.php on line 231.
 1 SYSTEMPATH\CodeIgniter.php(231): CodeIgniter\Exceptions\FrameworkException::forMissingExtension('intl')
 2 SYSTEMPATH\CodeIgniter.php(189): CodeIgniter\CodeIgniter->resolvePlatformExtensions()
 3 FCPATH\index.php(43): CodeIgniter\CodeIgniter->initialize()
CRITICAL - 2022-06-15 09:15:15 --> The framework needs the following extension(s) installed and loaded: intl.
in SYSTEMPATH\CodeIgniter.php on line 231.
 1 SYSTEMPATH\CodeIgniter.php(231): CodeIgniter\Exceptions\FrameworkException::forMissingExtension('intl')
 2 SYSTEMPATH\CodeIgniter.php(189): CodeIgniter\CodeIgniter->resolvePlatformExtensions()
 3 FCPATH\index.php(43): CodeIgniter\CodeIgniter->initialize()
CRITICAL - 2022-06-15 09:26:07 --> The framework needs the following extension(s) installed and loaded: intl.
in SYSTEMPATH\CodeIgniter.php on line 231.
 1 SYSTEMPATH\CodeIgniter.php(231): CodeIgniter\Exceptions\FrameworkException::forMissingExtension('intl')
 2 SYSTEMPATH\CodeIgniter.php(189): CodeIgniter\CodeIgniter->resolvePlatformExtensions()
 3 FCPATH\index.php(43): CodeIgniter\CodeIgniter->initialize()
CRITICAL - 2022-06-15 22:19:24 --> The namespace delimiter is a backslash (\), not a slash (/). Route handler: \App\Controllers\admin/kategori::select
in SYSTEMPATH\Router\Router.php on line 466.
 1 SYSTEMPATH\Router\Router.php(466): CodeIgniter\Router\Exceptions\RouterException::forInvalidControllerName('\\App\\Controllers\\admin/kategori::select')
 2 SYSTEMPATH\Router\Router.php(181): CodeIgniter\Router\Router->checkRoutes('kategori')
 3 SYSTEMPATH\CodeIgniter.php(778): CodeIgniter\Router\Router->handle('kategori')
 4 SYSTEMPATH\CodeIgniter.php(422): CodeIgniter\CodeIgniter->tryToRouteIt(Object(CodeIgniter\Router\RouteCollection))
 5 SYSTEMPATH\CodeIgniter.php(356): CodeIgniter\CodeIgniter->handleRequest(null, Object(Config\Cache), false)
 6 FCPATH\index.php(55): CodeIgniter\CodeIgniter->run()
CRITICAL - 2022-06-15 22:19:26 --> The namespace delimiter is a backslash (\), not a slash (/). Route handler: \App\Controllers\admin/kategori::select
in SYSTEMPATH\Router\Router.php on line 466.
 1 SYSTEMPATH\Router\Router.php(466): CodeIgniter\Router\Exceptions\RouterException::forInvalidControllerName('\\App\\Controllers\\admin/kategori::select')
 2 SYSTEMPATH\Router\Router.php(181): CodeIgniter\Router\Router->checkRoutes('kategori')
 3 SYSTEMPATH\CodeIgniter.php(778): CodeIgniter\Router\Router->handle('kategori')
 4 SYSTEMPATH\CodeIgniter.php(422): CodeIgniter\CodeIgniter->tryToRouteIt(Object(CodeIgniter\Router\RouteCollection))
 5 SYSTEMPATH\CodeIgniter.php(356): CodeIgniter\CodeIgniter->handleRequest(null, Object(Config\Cache), false)
 6 FCPATH\index.php(55): CodeIgniter\CodeIgniter->run()
CRITICAL - 2022-06-15 22:19:26 --> The namespace delimiter is a backslash (\), not a slash (/). Route handler: \App\Controllers\admin/kategori::select
in SYSTEMPATH\Router\Router.php on line 466.
 1 SYSTEMPATH\Router\Router.php(466): CodeIgniter\Router\Exceptions\RouterException::forInvalidControllerName('\\App\\Controllers\\admin/kategori::select')
 2 SYSTEMPATH\Router\Router.php(181): CodeIgniter\Router\Router->checkRoutes('kategori')
 3 SYSTEMPATH\CodeIgniter.php(778): CodeIgniter\Router\Router->handle('kategori')
 4 SYSTEMPATH\CodeIgniter.php(422): CodeIgniter\CodeIgniter->tryToRouteIt(Object(CodeIgniter\Router\RouteCollection))
 5 SYSTEMPATH\CodeIgniter.php(356): CodeIgniter\CodeIgniter->handleRequest(null, Object(Config\Cache), false)
 6 FCPATH\index.php(55): CodeIgniter\CodeIgniter->run()
CRITICAL - 2022-06-15 22:19:26 --> The namespace delimiter is a backslash (\), not a slash (/). Route handler: \App\Controllers\admin/kategori::select
in SYSTEMPATH\Router\Router.php on line 466.
 1 SYSTEMPATH\Router\Router.php(466): CodeIgniter\Router\Exceptions\RouterException::forInvalidControllerName('\\App\\Controllers\\admin/kategori::select')
 2 SYSTEMPATH\Router\Router.php(181): CodeIgniter\Router\Router->checkRoutes('kategori')
 3 SYSTEMPATH\CodeIgniter.php(778): CodeIgniter\Router\Router->handle('kategori')
 4 SYSTEMPATH\CodeIgniter.php(422): CodeIgniter\CodeIgniter->tryToRouteIt(Object(CodeIgniter\Router\RouteCollection))
 5 SYSTEMPATH\CodeIgniter.php(356): CodeIgniter\CodeIgniter->handleRequest(null, Object(Config\Cache), false)
 6 FCPATH\index.php(55): CodeIgniter\CodeIgniter->run()
CRITICAL - 2022-06-15 22:43:40 --> Invalid file: tempale/header.php
in SYSTEMPATH\Exceptions\FrameworkException.php on line 33.
 1 SYSTEMPATH\View\View.php(201): CodeIgniter\Exceptions\FrameworkException::forInvalidFile('tempale/header.php')
 2 SYSTEMPATH\Common.php(1135): CodeIgniter\View\View->render('tempale/header', [], true)
 3 APPPATH\Controllers\admin\Kategori.php(15): view('tempale/header')
 4 SYSTEMPATH\CodeIgniter.php(903): App\Controllers\admin\Kategori->select()
 5 SYSTEMPATH\CodeIgniter.php(473): CodeIgniter\CodeIgniter->runController(Object(App\Controllers\admin\Kategori))
 6 SYSTEMPATH\CodeIgniter.php(356): CodeIgniter\CodeIgniter->handleRequest(null, Object(Config\Cache), false)
 7 FCPATH\index.php(55): CodeIgniter\CodeIgniter->run()
CRITICAL - 2022-06-15 22:44:18 --> Invalid file: tempale/header.php
in SYSTEMPATH\Exceptions\FrameworkException.php on line 33.
 1 SYSTEMPATH\View\View.php(201): CodeIgniter\Exceptions\FrameworkException::forInvalidFile('tempale/header.php')
 2 SYSTEMPATH\Common.php(1135): CodeIgniter\View\View->render('tempale/header', [], true)
 3 APPPATH\Controllers\admin\Kategori.php(15): view('tempale/header')
 4 SYSTEMPATH\CodeIgniter.php(903): App\Controllers\admin\Kategori->select()
 5 SYSTEMPATH\CodeIgniter.php(473): CodeIgniter\CodeIgniter->runController(Object(App\Controllers\admin\Kategori))
 6 SYSTEMPATH\CodeIgniter.php(356): CodeIgniter\CodeIgniter->handleRequest(null, Object(Config\Cache), false)
 7 FCPATH\index.php(55): CodeIgniter\CodeIgniter->run()
